node:events:491
      throw er; // Unhandled 'error' event
      ^

Error: listen EADDRINUSE: address already in use :::503
    at Server.setupListenHandle [as _listen2] (node:net:1740:16)
    at listenInCluster (node:net:1788:12)
    at Server.listen (node:net:1876:7)
    at new WebSocketServer (D:\TreadingView\Projects\TradDetector-FutureStock\node_modules\ws\lib\websocket-server.js:102:20)
    at Object.<anonymous> (D:\TreadingView\Projects\TradDetector-FutureStock\dist\index.js:84:13)
    at Module._compile (node:internal/modules/cjs/loader:1256:14)
    at Module._extensions..js (node:internal/modules/cjs/loader:1310:10)
    at Module.load (node:internal/modules/cjs/loader:1119:32)
    at Module._load (node:internal/modules/cjs/loader:960:12)
    at Function.executeUserEntryPoint [as runMain] (node:internal/modules/run_main:81:12)
Emitted 'error' event on WebSocketServer instance at:
    at Server.emit (node:events:513:28)
    at emitErrorNT (node:net:1767:8)
    at process.processTicksAndRejections (node:internal/process/task_queues:82:21) {
  code: 'EADDRINUSE',
  errno: -4091,
  syscall: 'listen',
  address: '::',
  port: 503
}

Node.js v18.16.1
node:events:491
      throw er; // Unhandled 'error' event
      ^

Error: listen EADDRINUSE: address already in use :::503
    at Server.setupListenHandle [as _listen2] (node:net:1740:16)
    at listenInCluster (node:net:1788:12)
    at Server.listen (node:net:1876:7)
    at new WebSocketServer (D:\TreadingView\Projects\TradDetector-FutureStock\node_modules\ws\lib\websocket-server.js:102:20)
    at Object.<anonymous> (D:\TreadingView\Projects\TradDetector-FutureStock\dist\index.js:84:13)
    at Module._compile (node:internal/modules/cjs/loader:1256:14)
    at Module._extensions..js (node:internal/modules/cjs/loader:1310:10)
    at Module.load (node:internal/modules/cjs/loader:1119:32)
    at Module._load (node:internal/modules/cjs/loader:960:12)
    at Function.executeUserEntryPoint [as runMain] (node:internal/modules/run_main:81:12)
Emitted 'error' event on WebSocketServer instance at:
    at Server.emit (node:events:513:28)
    at emitErrorNT (node:net:1767:8)
    at process.processTicksAndRejections (node:internal/process/task_queues:82:21) {
  code: 'EADDRINUSE',
  errno: -4091,
  syscall: 'listen',
  address: '::',
  port: 503
}

Node.js v18.16.1
node:events:491
      throw er; // Unhandled 'error' event
      ^

Error: listen EADDRINUSE: address already in use :::503
    at Server.setupListenHandle [as _listen2] (node:net:1740:16)
    at listenInCluster (node:net:1788:12)
    at Server.listen (node:net:1876:7)
    at new WebSocketServer (D:\TreadingView\Projects\TradDetector-FutureStock\node_modules\ws\lib\websocket-server.js:102:20)
    at Object.<anonymous> (D:\TreadingView\Projects\TradDetector-FutureStock\dist\index.js:84:13)
    at Module._compile (node:internal/modules/cjs/loader:1256:14)
    at Module._extensions..js (node:internal/modules/cjs/loader:1310:10)
    at Module.load (node:internal/modules/cjs/loader:1119:32)
    at Module._load (node:internal/modules/cjs/loader:960:12)
    at Function.executeUserEntryPoint [as runMain] (node:internal/modules/run_main:81:12)
Emitted 'error' event on WebSocketServer instance at:
    at Server.emit (node:events:513:28)
    at emitErrorNT (node:net:1767:8)
    at process.processTicksAndRejections (node:internal/process/task_queues:82:21) {
  code: 'EADDRINUSE',
  errno: -4091,
  syscall: 'listen',
  address: '::',
  port: 503
}

Node.js v18.16.1
